CRITICAL - 2022-06-01 00:45:27 --> Undefined variable: title
#0 C:\xampp\htdocs\first-app\app\Views\template\navbar.php(11): CodeIgniter\Debug\Exceptions->errorHandler(8, 'Undefined varia...', 'C:\\xampp\\htdocs...', 11, Array)
#1 C:\xampp\htdocs\first-app\vendor\codeigniter4\framework\system\View\View.php(210): include('C:\\xampp\\htdocs...')
#2 C:\xampp\htdocs\first-app\vendor\codeigniter4\framework\system\View\View.php(213): CodeIgniter\View\View->CodeIgniter\View\{closure}()
#3 C:\xampp\htdocs\first-app\vendor\codeigniter4\framework\system\View\View.php(424): CodeIgniter\View\View->render('template/navbar', NULL, true)
#4 C:\xampp\htdocs\first-app\app\Views\template\head.php(18): CodeIgniter\View\View->include('template/navbar')
#5 C:\xampp\htdocs\first-app\vendor\codeigniter4\framework\system\View\View.php(210): include('C:\\xampp\\htdocs...')
#6 C:\xampp\htdocs\first-app\vendor\codeigniter4\framework\system\View\View.php(213): CodeIgniter\View\View->CodeIgniter\View\{closure}()
#7 C:\xampp\htdocs\first-app\vendor\codeigniter4\framework\system\View\View.php(424): CodeIgniter\View\View->render('template/head', NULL, true)
#8 C:\xampp\htdocs\first-app\app\Views\template\main.php(1): CodeIgniter\View\View->include('template/head')
#9 C:\xampp\htdocs\first-app\vendor\codeigniter4\framework\system\View\View.php(210): include('C:\\xampp\\htdocs...')
#10 C:\xampp\htdocs\first-app\vendor\codeigniter4\framework\system\View\View.php(213): CodeIgniter\View\View->CodeIgniter\View\{closure}()
#11 C:\xampp\htdocs\first-app\vendor\codeigniter4\framework\system\View\View.php(226): CodeIgniter\View\View->render('template/main', Array, true)
#12 C:\xampp\htdocs\first-app\vendor\codeigniter4\framework\system\Common.php(1089): CodeIgniter\View\View->render('home', Array, true)
#13 C:\xampp\htdocs\first-app\app\Controllers\Home.php(9): view('home')
#14 C:\xampp\htdocs\first-app\vendor\codeigniter4\framework\system\CodeIgniter.php(832): App\Controllers\Home->index()
#15 C:\xampp\htdocs\first-app\vendor\codeigniter4\framework\system\CodeIgniter.php(419): CodeIgniter\CodeIgniter->runController(Object(App\Controllers\Home))
#16 C:\xampp\htdocs\first-app\vendor\codeigniter4\framework\system\CodeIgniter.php(326): CodeIgniter\CodeIgniter->handleRequest(NULL, Object(Config\Cache), false)
#17 C:\xampp\htdocs\first-app\public\index.php(37): CodeIgniter\CodeIgniter->run()
#18 C:\xampp\htdocs\first-app\vendor\codeigniter4\framework\system\Commands\Server\rewrite.php(43): require_once('C:\\xampp\\htdocs...')
#19 {main}
CRITICAL - 2022-06-01 02:38:48 --> Undefined variable: logo
#0 C:\xampp\htdocs\first-app\app\Views\template\footer.php(5): CodeIgniter\Debug\Exceptions->errorHandler(8, 'Undefined varia...', 'C:\\xampp\\htdocs...', 5, Array)
#1 C:\xampp\htdocs\first-app\vendor\codeigniter4\framework\system\View\View.php(210): include('C:\\xampp\\htdocs...')
#2 C:\xampp\htdocs\first-app\vendor\codeigniter4\framework\system\View\View.php(213): CodeIgniter\View\View->CodeIgniter\View\{closure}()
#3 C:\xampp\htdocs\first-app\vendor\codeigniter4\framework\system\View\View.php(424): CodeIgniter\View\View->render('template/footer', NULL, true)
#4 C:\xampp\htdocs\first-app\app\Views\about.php(117): CodeIgniter\View\View->include('template/footer')
#5 C:\xampp\htdocs\first-app\vendor\codeigniter4\framework\system\View\View.php(210): include('C:\\xampp\\htdocs...')
#6 C:\xampp\htdocs\first-app\vendor\codeigniter4\framework\system\View\View.php(213): CodeIgniter\View\View->CodeIgniter\View\{closure}()
#7 C:\xampp\htdocs\first-app\vendor\codeigniter4\framework\system\Common.php(1089): CodeIgniter\View\View->render('about', Array, true)
#8 C:\xampp\htdocs\first-app\app\Controllers\Home.php(22): view('about', Array)
#9 C:\xampp\htdocs\first-app\vendor\codeigniter4\framework\system\CodeIgniter.php(832): App\Controllers\Home->about()
#10 C:\xampp\htdocs\first-app\vendor\codeigniter4\framework\system\CodeIgniter.php(419): CodeIgniter\CodeIgniter->runController(Object(App\Controllers\Home))
#11 C:\xampp\htdocs\first-app\vendor\codeigniter4\framework\system\CodeIgniter.php(326): CodeIgniter\CodeIgniter->handleRequest(NULL, Object(Config\Cache), false)
#12 C:\xampp\htdocs\first-app\public\index.php(37): CodeIgniter\CodeIgniter->run()
#13 C:\xampp\htdocs\first-app\vendor\codeigniter4\framework\system\Commands\Server\rewrite.php(43): require_once('C:\\xampp\\htdocs...')
#14 {main}
